<?xml version="1.0" encoding="UTF-8"?>
<testsuites>
  <testsuite name="" tests="1" assertions="3" errors="0" warnings="0" failures="0" skipped="0" time="0.087102">
    <testsuite name="CodeIgniter Application Test Suite" tests="1" assertions="3" errors="0" warnings="0" failures="0" skipped="0" time="0.087102">
      <testsuite name="ReportIntegrationTest" file="D:\xampp\htdocs\ComplaintMS-CI\application\tests\controllers\ReportView_test.php" tests="1" assertions="3" errors="0" warnings="0" failures="0" skipped="0" time="0.087102">
        <testcase name="testSummonIntegration" class="ReportIntegrationTest" classname="ReportIntegrationTest" file="D:\xampp\htdocs\ComplaintMS-CI\application\tests\controllers\ReportView_test.php" line="16" assertions="3" time="0.087102"/>
      </testsuite>
    </testsuite>
  </testsuite>
</testsuites>
